<?xml version="1.0" encoding="utf-8"?>
<TestRun id="4adddbb9-4503-47ca-a384-a759b1091001" name="NOWOWIK@PLKRK2L1C2G4M3 2025-04-18 16:59:01" runUser="JEGINTL\NOWOWIK" xmlns="http://microsoft.com/schemas/VisualStudio/TeamTest/2010">
  <Times creation="2025-04-18T16:59:01.2224990+02:00" queuing="2025-04-18T16:59:01.2224994+02:00" start="2025-04-18T16:58:59.4110340+02:00" finish="2025-04-18T16:59:01.2335137+02:00" />
  <TestSettings name="default" id="d956bb5d-d80f-4e78-a854-ffb8e4ed7669">
    <Deployment runDeploymentRoot="NOWOWIK_PLKRK2L1C2G4M3_2025-04-18_16_59_01" />
  </TestSettings>
  <Results>
    <UnitTestResult executionId="a44e8cd0-6407-41f2-b9db-cca54b339ab1" testId="1c536a7a-1fe1-9e5b-7ef5-df720493b26f" testName="Test.QuickTest.ThisOneFails" computerName="PLKRK2L1C2G4M3" duration="00:00:00.0001226" startTime="2025-04-18T16:59:01.1371604+02:00" endTime="2025-04-18T16:59:01.1371605+02:00" testType="13cdc9d9-ddb5-4fa4-a97d-d965ccfc6d4b" outcome="Failed" testListId="8c84fa94-04c1-424b-9868-57a2d4851a1d" relativeResultsDirectory="a44e8cd0-6407-41f2-b9db-cca54b339ab1">
      <Output>
        <ErrorInfo>
          <Message>System.Exception : critical failure</Message>
          <StackTrace>   at Test.QuickTest.ThisOneFails() in C:\GitRepos\timesheeter\test\QuickTest.cs:line 8&#xD;
   at System.RuntimeMethodHandle.InvokeMethod(Object target, Void** arguments, Signature sig, Boolean isConstructor)&#xD;
   at System.Reflection.MethodBaseInvoker.InvokeWithNoArgs(Object obj, BindingFlags invokeAttr)</StackTrace>
        </ErrorInfo>
      </Output>
    </UnitTestResult>
    <UnitTestResult executionId="a0d6a8da-d2f7-4551-a91c-a0fb70b2f561" testId="da2baf90-35df-e0cb-e88a-d5d55278578c" testName="Test.QuickTest.ThisOnePasses" computerName="PLKRK2L1C2G4M3" duration="00:00:00.0000649" startTime="2025-04-18T16:59:01.1365726+02:00" endTime="2025-04-18T16:59:01.1365727+02:00" testType="13cdc9d9-ddb5-4fa4-a97d-d965ccfc6d4b" outcome="Passed" testListId="8c84fa94-04c1-424b-9868-57a2d4851a1d" relativeResultsDirectory="a0d6a8da-d2f7-4551-a91c-a0fb70b2f561" />
    <UnitTestResult executionId="89443410-c8da-4eb5-90fc-5ba97bb3aaf3" testId="ab3e446d-7a15-fdf3-9571-a7cf3cf82e81" testName="Test.QuickTest.Run(index: 1, animal: &quot;cat&quot;)" computerName="PLKRK2L1C2G4M3" duration="00:00:00.0011319" startTime="2025-04-18T16:59:01.1337567+02:00" endTime="2025-04-18T16:59:01.1337695+02:00" testType="13cdc9d9-ddb5-4fa4-a97d-d965ccfc6d4b" outcome="Failed" testListId="8c84fa94-04c1-424b-9868-57a2d4851a1d" relativeResultsDirectory="89443410-c8da-4eb5-90fc-5ba97bb3aaf3">
      <Output>
        <ErrorInfo>
          <Message>System.Exception : fail</Message>
          <StackTrace>   at Test.QuickTest.Run(Int32 index, String animal) in C:\GitRepos\timesheeter\test\QuickTest.cs:line 17&#xD;
   at System.RuntimeMethodHandle.InvokeMethod(Object target, Void** arguments, Signature sig, Boolean isConstructor)&#xD;
   at System.Reflection.MethodBaseInvoker.InvokeDirectByRefWithFewArgs(Object obj, Span`1 copyOfArgs, BindingFlags invokeAttr)</StackTrace>
        </ErrorInfo>
      </Output>
    </UnitTestResult>
    <UnitTestResult executionId="a0c237a4-238d-478a-b0d0-d6bf4dc1c4af" testId="aef68e64-bf08-2c59-5dd2-fc8cac79aef3" testName="Test.QuickTest.Run(index: 2, animal: &quot;dog&quot;)" computerName="PLKRK2L1C2G4M3" duration="00:00:00.0006753" startTime="2025-04-18T16:59:01.1364622+02:00" endTime="2025-04-18T16:59:01.1364623+02:00" testType="13cdc9d9-ddb5-4fa4-a97d-d965ccfc6d4b" outcome="Passed" testListId="8c84fa94-04c1-424b-9868-57a2d4851a1d" relativeResultsDirectory="a0c237a4-238d-478a-b0d0-d6bf4dc1c4af" />
  </Results>
  <TestDefinitions>
    <UnitTest name="Test.QuickTest.ThisOneFails" storage="c:\gitrepos\timesheeter\test\bin\debug\net9.0\test.dll" id="1c536a7a-1fe1-9e5b-7ef5-df720493b26f">
      <Execution id="a44e8cd0-6407-41f2-b9db-cca54b339ab1" />
      <TestMethod codeBase="C:\GitRepos\timesheeter\test\bin\Debug\net9.0\Test.dll" adapterTypeName="executor://xunit/VsTestRunner2/netcoreapp" className="Test.QuickTest" name="ThisOneFails" />
    </UnitTest>
    <UnitTest name="Test.QuickTest.Run(index: 2, animal: &quot;dog&quot;)" storage="c:\gitrepos\timesheeter\test\bin\debug\net9.0\test.dll" id="aef68e64-bf08-2c59-5dd2-fc8cac79aef3">
      <Execution id="a0c237a4-238d-478a-b0d0-d6bf4dc1c4af" />
      <TestMethod codeBase="C:\GitRepos\timesheeter\test\bin\Debug\net9.0\Test.dll" adapterTypeName="executor://xunit/VsTestRunner2/netcoreapp" className="Test.QuickTest" name="Run" />
    </UnitTest>
    <UnitTest name="Test.QuickTest.ThisOnePasses" storage="c:\gitrepos\timesheeter\test\bin\debug\net9.0\test.dll" id="da2baf90-35df-e0cb-e88a-d5d55278578c">
      <Execution id="a0d6a8da-d2f7-4551-a91c-a0fb70b2f561" />
      <TestMethod codeBase="C:\GitRepos\timesheeter\test\bin\Debug\net9.0\Test.dll" adapterTypeName="executor://xunit/VsTestRunner2/netcoreapp" className="Test.QuickTest" name="ThisOnePasses" />
    </UnitTest>
    <UnitTest name="Test.QuickTest.Run(index: 1, animal: &quot;cat&quot;)" storage="c:\gitrepos\timesheeter\test\bin\debug\net9.0\test.dll" id="ab3e446d-7a15-fdf3-9571-a7cf3cf82e81">
      <Execution id="89443410-c8da-4eb5-90fc-5ba97bb3aaf3" />
      <TestMethod codeBase="C:\GitRepos\timesheeter\test\bin\Debug\net9.0\Test.dll" adapterTypeName="executor://xunit/VsTestRunner2/netcoreapp" className="Test.QuickTest" name="Run" />
    </UnitTest>
  </TestDefinitions>
  <TestEntries>
    <TestEntry testId="1c536a7a-1fe1-9e5b-7ef5-df720493b26f" executionId="a44e8cd0-6407-41f2-b9db-cca54b339ab1" testListId="8c84fa94-04c1-424b-9868-57a2d4851a1d" />
    <TestEntry testId="da2baf90-35df-e0cb-e88a-d5d55278578c" executionId="a0d6a8da-d2f7-4551-a91c-a0fb70b2f561" testListId="8c84fa94-04c1-424b-9868-57a2d4851a1d" />
    <TestEntry testId="ab3e446d-7a15-fdf3-9571-a7cf3cf82e81" executionId="89443410-c8da-4eb5-90fc-5ba97bb3aaf3" testListId="8c84fa94-04c1-424b-9868-57a2d4851a1d" />
    <TestEntry testId="aef68e64-bf08-2c59-5dd2-fc8cac79aef3" executionId="a0c237a4-238d-478a-b0d0-d6bf4dc1c4af" testListId="8c84fa94-04c1-424b-9868-57a2d4851a1d" />
  </TestEntries>
  <TestLists>
    <TestList name="Results Not in a List" id="8c84fa94-04c1-424b-9868-57a2d4851a1d" />
    <TestList name="All Loaded Results" id="19431567-8539-422a-85d7-44ee4e166bda" />
  </TestLists>
  <ResultSummary outcome="Failed">
    <Counters total="4" executed="4" passed="2" failed="2" error="0" timeout="0" aborted="0" inconclusive="0" passedButRunAborted="0" notRunnable="0" notExecuted="0" disconnected="0" warning="0" completed="0" inProgress="0" pending="0" />
    <Output>
      <StdOut>[xUnit.net 00:00:00.00] xUnit.net VSTest Adapter v2.5.3.1+6b60a9e56a (64-bit .NET 9.0.4)&#xD;
[xUnit.net 00:00:00.25]   Discovering: Test&#xD;
[xUnit.net 00:00:00.28]   Discovered:  Test&#xD;
[xUnit.net 00:00:00.28]   Starting:    Test&#xD;
[xUnit.net 00:00:00.33]       System.Exception : fail&#xD;
[xUnit.net 00:00:00.33]       Stack Trace:&#xD;
[xUnit.net 00:00:00.33]         C:\GitRepos\timesheeter\test\QuickTest.cs(17,0): at Test.QuickTest.Run(Int32 index, String animal)&#xD;
[xUnit.net 00:00:00.33]            at System.RuntimeMethodHandle.InvokeMethod(Object target, Void** arguments, Signature sig, Boolean isConstructor)&#xD;
[xUnit.net 00:00:00.33]            at System.Reflection.MethodBaseInvoker.InvokeDirectByRefWithFewArgs(Object obj, Span`1 copyOfArgs, BindingFlags invokeAttr)&#xD;
[xUnit.net 00:00:00.33]       System.Exception : critical failure&#xD;
[xUnit.net 00:00:00.33]       Stack Trace:&#xD;
[xUnit.net 00:00:00.33]         C:\GitRepos\timesheeter\test\QuickTest.cs(8,0): at Test.QuickTest.ThisOneFails()&#xD;
[xUnit.net 00:00:00.33]            at System.RuntimeMethodHandle.InvokeMethod(Object target, Void** arguments, Signature sig, Boolean isConstructor)&#xD;
[xUnit.net 00:00:00.33]            at System.Reflection.MethodBaseInvoker.InvokeWithNoArgs(Object obj, BindingFlags invokeAttr)&#xD;
[xUnit.net 00:00:00.33]   Finished:    Test&#xD;
</StdOut>
    </Output>
    <RunInfos>
      <RunInfo computerName="PLKRK2L1C2G4M3" outcome="Error" timestamp="2025-04-18T16:59:01.1321737+02:00">
        <Text>[xUnit.net 00:00:00.33]     Test.QuickTest.Run(index: 1, animal: "cat") [FAIL]</Text>
      </RunInfo>
      <RunInfo computerName="PLKRK2L1C2G4M3" outcome="Error" timestamp="2025-04-18T16:59:01.1370661+02:00">
        <Text>[xUnit.net 00:00:00.33]     Test.QuickTest.ThisOneFails [FAIL]</Text>
      </RunInfo>
    </RunInfos>
  </ResultSummary>
</TestRun>