<?xml version="1.0" encoding="utf-8"?>
<TestRun id="bb5f55a1-4218-4821-afb6-830e687599eb" name="NOWOWIK@PLKRK2L1C2G4M3 2025-04-18 16:58:29" runUser="JEGINTL\NOWOWIK" xmlns="http://microsoft.com/schemas/VisualStudio/TeamTest/2010">
  <Times creation="2025-04-18T16:58:29.6542721+02:00" queuing="2025-04-18T16:58:29.6542724+02:00" start="2025-04-18T16:58:27.8478201+02:00" finish="2025-04-18T16:58:29.6576422+02:00" />
  <TestSettings name="default" id="b3a1fb3c-8dd9-486e-a60e-e41d156d86f4">
    <Deployment runDeploymentRoot="NOWOWIK_PLKRK2L1C2G4M3_2025-04-18_16_58_29" />
  </TestSettings>
  <Results>
    <UnitTestResult executionId="5ef6ebca-2942-41ad-83fe-c9ad9a9cd677" testId="da2baf90-35df-e0cb-e88a-d5d55278578c" testName="Test.QuickTest.ThisOnePasses" computerName="PLKRK2L1C2G4M3" duration="00:00:00.0012704" startTime="2025-04-18T16:58:29.5648618+02:00" endTime="2025-04-18T16:58:29.5648736+02:00" testType="13cdc9d9-ddb5-4fa4-a97d-d965ccfc6d4b" outcome="Passed" testListId="8c84fa94-04c1-424b-9868-57a2d4851a1d" relativeResultsDirectory="5ef6ebca-2942-41ad-83fe-c9ad9a9cd677" />
  </Results>
  <TestDefinitions>
    <UnitTest name="Test.QuickTest.ThisOnePasses" storage="c:\gitrepos\timesheeter\test\bin\debug\net9.0\test.dll" id="da2baf90-35df-e0cb-e88a-d5d55278578c">
      <Execution id="5ef6ebca-2942-41ad-83fe-c9ad9a9cd677" />
      <TestMethod codeBase="C:\GitRepos\timesheeter\test\bin\Debug\net9.0\Test.dll" adapterTypeName="executor://xunit/VsTestRunner2/netcoreapp" className="Test.QuickTest" name="ThisOnePasses" />
    </UnitTest>
  </TestDefinitions>
  <TestEntries>
    <TestEntry testId="da2baf90-35df-e0cb-e88a-d5d55278578c" executionId="5ef6ebca-2942-41ad-83fe-c9ad9a9cd677" testListId="8c84fa94-04c1-424b-9868-57a2d4851a1d" />
  </TestEntries>
  <TestLists>
    <TestList name="Results Not in a List" id="8c84fa94-04c1-424b-9868-57a2d4851a1d" />
    <TestList name="All Loaded Results" id="19431567-8539-422a-85d7-44ee4e166bda" />
  </TestLists>
  <ResultSummary outcome="Completed">
    <Counters total="1" executed="1" passed="1" failed="0" error="0" timeout="0" aborted="0" inconclusive="0" passedButRunAborted="0" notRunnable="0" notExecuted="0" disconnected="0" warning="0" completed="0" inProgress="0" pending="0" />
    <Output>
      <StdOut>[xUnit.net 00:00:00.00] xUnit.net VSTest Adapter v2.5.3.1+6b60a9e56a (64-bit .NET 9.0.4)&#xD;
[xUnit.net 00:00:00.24]   Discovering: Test&#xD;
[xUnit.net 00:00:00.27]   Discovered:  Test&#xD;
[xUnit.net 00:00:00.27]   Starting:    Test&#xD;
[xUnit.net 00:00:00.31]   Finished:    Test&#xD;
</StdOut>
    </Output>
  </ResultSummary>
</TestRun>